<?xml version="1.0" encoding="UTF-8"?>
<testsuite xmlns:xsi="http://www.w3.org/2001/XMLSchema-instance" xsi:noNamespaceSchemaLocation="https://maven.apache.org/surefire/maven-surefire-plugin/xsd/surefire-test-report.xsd" version="3.0.2" name="web.planorama.demo.service.impl.UsuarioServiceImplCT012Test" time="0.505" tests="4" errors="0" skipped="0" failures="0">
  <properties>
[...]
</properties>
  <testcase name="testRemoverUsuarioInexistenteComErro" classname="web.planorama.demo.service.impl.UsuarioServiceImplCT012Test" time="0.004">
    <system-out><![CDATA[2026-01-17T22:39:17.749-03:00  INFO 3847 --- [planoramaweb] [           main] t.c.s.AnnotationConfigContextLoaderUtils : Could not detect default configuration classes for test class [web.planorama.demo.service.impl.UsuarioServiceImplCT012Test]: UsuarioServiceImplCT012Test does not declare any static, non-private, non-final, nested classes annotated with @Configuration.
2026-01-17T22:39:17.756-03:00  INFO 3847 --- [planoramaweb] [           main] .b.t.c.SpringBootTestContextBootstrapper : Found @SpringBootConfiguration web.planorama.demo.DemoApplication for test class web.planorama.demo.service.impl.UsuarioServiceImplCT012Test
2026-01-17T22:39:17.758-03:00  INFO 3847 --- [planoramaweb] [           main] o.s.b.d.r.RestartApplicationListener     : Restart disabled due to context in which it is running

  .   ____          _            __ _ _
 /\\ / ___'_ __ _ _(_)_ __  __ _ \ \ \ \
( ( )\___ | '_ | '_| | '_ \/ _` | \ \ \ \
 \\/  ___)| |_)| | | | | || (_| |  ) ) ) )
  '  |____| .__|_| |_|_| |_\__, | / / / /
 =========|_|==============|___/=/_/_/_/

 :: Spring Boot ::                (v3.5.4)

2026-01-17T22:39:17.770-03:00  INFO 3847 --- [planoramaweb] [           main] w.p.d.s.i.UsuarioServiceImplCT012Test    : Starting UsuarioServiceImplCT012Test using Java 21.0.9 with PID 3847 (started by programador-rocha in /Users/programador-rocha/Documents/PlanoramaWeb/demo)
2026-01-17T22:39:17.770-03:00  INFO 3847 --- [planoramaweb] [           main] w.p.d.s.i.UsuarioServiceImplCT012Test    : The following 1 profile is active: "test"
2026-01-17T22:39:17.877-03:00  INFO 3847 --- [planoramaweb] [           main] .s.d.r.c.RepositoryConfigurationDelegate : Bootstrapping Spring Data JPA repositories in DEFAULT mode.
2026-01-17T22:39:17.891-03:00  INFO 3847 --- [planoramaweb] [           main] .s.d.r.c.RepositoryConfigurationDelegate : Finished Spring Data repository scanning in 13 ms. Found 8 JPA repository interfaces.
2026-01-17T22:39:17.954-03:00  INFO 3847 --- [planoramaweb] [           main] o.hibernate.jpa.internal.util.LogHelper  : HHH000204: Processing PersistenceUnitInfo [name: default]
2026-01-17T22:39:17.956-03:00  INFO 3847 --- [planoramaweb] [           main] o.h.c.internal.RegionFactoryInitiator    : HHH000026: Second-level cache disabled
2026-01-17T22:39:17.960-03:00  INFO 3847 --- [planoramaweb] [           main] o.s.o.j.p.SpringPersistenceUnitInfo      : No LoadTimeWeaver setup: ignoring JPA class transformer
2026-01-17T22:39:17.961-03:00  INFO 3847 --- [planoramaweb] [           main] com.zaxxer.hikari.HikariDataSource       : HikariPool-2 - Starting...
2026-01-17T22:39:17.961-03:00  INFO 3847 --- [planoramaweb] [           main] com.zaxxer.hikari.pool.HikariPool        : HikariPool-2 - Added connection conn10: url=jdbc:h2:file:./data/planoramaweb user=USER
2026-01-17T22:39:17.962-03:00  INFO 3847 --- [planoramaweb] [           main] com.zaxxer.hikari.HikariDataSource       : HikariPool-2 - Start completed.
2026-01-17T22:39:17.962-03:00  INFO 3847 --- [planoramaweb] [           main] org.hibernate.orm.connections.pooling    : HHH10001005: Database info:
	Database JDBC URL [Connecting through datasource 'HikariDataSource (HikariPool-2)']
	Database driver: undefined/unknown
	Database version: 2.3.232
	Autocommit mode: undefined/unknown
	Isolation level: undefined/unknown
	Minimum pool size: undefined/unknown
	Maximum pool size: undefined/unknown
2026-01-17T22:39:18.009-03:00  INFO 3847 --- [planoramaweb] [           main] o.h.e.t.j.p.i.JtaPlatformInitiator       : HHH000489: No JTA platform available (set 'hibernate.transaction.jta.platform' to enable JTA platform integration)
2026-01-17T22:39:18.014-03:00  INFO 3847 --- [planoramaweb] [           main] j.LocalContainerEntityManagerFactoryBean : Initialized JPA EntityManagerFactory for persistence unit 'default'
2026-01-17T22:39:18.088-03:00  WARN 3847 --- [planoramaweb] [           main] JpaBaseConfiguration$JpaWebConfiguration : spring.jpa.open-in-view is enabled by default. Therefore, database queries may be performed during view rendering. Explicitly configure spring.jpa.open-in-view to disable this warning
2026-01-17T22:39:18.093-03:00  INFO 3847 --- [planoramaweb] [           main] o.s.b.a.w.s.WelcomePageHandlerMapping    : Adding welcome page template: index
2026-01-17T22:39:18.145-03:00  INFO 3847 --- [planoramaweb] [           main] eAuthenticationProviderManagerConfigurer : Global AuthenticationManager configured with AuthenticationProvider bean with name authenticationProvider
2026-01-17T22:39:18.145-03:00  WARN 3847 --- [planoramaweb] [           main] r$InitializeUserDetailsManagerConfigurer : Global AuthenticationManager configured with an AuthenticationProvider bean. UserDetailsService beans will not be used by Spring Security for automatically configuring username/password login. Consider removing the AuthenticationProvider bean. Alternatively, consider using the UserDetailsService in a manually instantiated DaoAuthenticationProvider. If the current configuration is intentional, to turn off this warning, increase the logging level of 'org.springframework.security.config.annotation.authentication.configuration.InitializeUserDetailsBeanManagerConfigurer' to ERROR
2026-01-17T22:39:18.213-03:00  INFO 3847 --- [planoramaweb] [           main] o.s.b.a.h2.H2ConsoleAutoConfiguration    : H2 console available at '/h2-console'. Database available at 'jdbc:h2:file:./data/planoramaweb'
2026-01-17T22:39:18.237-03:00  INFO 3847 --- [planoramaweb] [           main] w.p.d.s.i.UsuarioServiceImplCT012Test    : Started UsuarioServiceImplCT012Test in 0.479 seconds (process running for 7.955)
>>> CT012-2 SUCESSO: Exceção lançada ao tentar remover usuário inexistente. <<<
]]></system-out>
  </testcase>
  <testcase name="testMensagemErroUsuarioNaoEncontrado" classname="web.planorama.demo.service.impl.UsuarioServiceImplCT012Test" time="0.003">
    <system-out><![CDATA[>>> CT012-3 SUCESSO: Mensagem de erro correta: 'Usuário não encontrado para remoção' <<<
]]></system-out>
  </testcase>
  <testcase name="testRemoverMultiplosUsuariosComSucesso" classname="web.planorama.demo.service.impl.UsuarioServiceImplCT012Test" time="0.003">
    <system-out><![CDATA[>>> CT012-4 SUCESSO: Múltiplos usuários removidos com sucesso! <<<
]]></system-out>
  </testcase>
  <testcase name="testRemoverUsuarioExistenteComSucesso" classname="web.planorama.demo.service.impl.UsuarioServiceImplCT012Test" time="0.002">
    <system-out><![CDATA[>>> CT012-1 SUCESSO: Usuário removido com sucesso! ID: 4ee0722a-0b04-465d-8584-bdf7fa4411a6 <<<
]]></system-out>
  </testcase>
</testsuite>