<?xml version="1.0" encoding="UTF-8"?>
<testsuite xmlns:xsi="http://www.w3.org/2001/XMLSchema-instance" xsi:noNamespaceSchemaLocation="https://maven.apache.org/surefire/maven-surefire-plugin/xsd/surefire-test-report.xsd" version="3.0.2" name="web.planorama.demo.controller.RegistrarEstudoControllerTest" time="0.093" tests="8" errors="0" skipped="0" failures="0">
  <properties>
[...]
</properties>
  <testcase name="deveFalharCom25Horas" classname="web.planorama.demo.controller.RegistrarEstudoControllerTest" time="0.007">
    <system-out><![CDATA[2026-01-17T22:39:16.004-03:00  INFO 3847 --- [planoramaweb] [           main] t.c.s.AnnotationConfigContextLoaderUtils : Could not detect default configuration classes for test class [web.planorama.demo.controller.RegistrarEstudoControllerTest]: RegistrarEstudoControllerTest does not declare any static, non-private, non-final, nested classes annotated with @Configuration.
2026-01-17T22:39:16.013-03:00  INFO 3847 --- [planoramaweb] [           main] .b.t.c.SpringBootTestContextBootstrapper : Found @SpringBootConfiguration web.planorama.demo.DemoApplication for test class web.planorama.demo.controller.RegistrarEstudoControllerTest
2026-01-17T22:39:16.020-03:00  INFO 3847 --- [planoramaweb] [           main] w.p.d.c.RegistrarEstudoController        : Request: RegistrarEstudoDTO(id=null, assuntoId=59b37b84-6035-443f-a581-19702cfc8f9a, horasEstudadas=25, minutosEstudados=0, planejamentoId=de1e1d5c-49f6-4fe8-82cb-12226c53a2c0, idMateriaPlanejamento=fb4b05f4-1aa7-4f0a-891d-932758080d56) true
2026-01-17T22:39:16.021-03:00 ERROR 3847 --- [planoramaweb] [           main] w.p.d.c.RegistrarEstudoController        : Erros encontrados: [Field error in object 'registroEstudo' on field 'horasEstudadas': rejected value [25]; codes [Max.registroEstudo.horasEstudadas,Max.horasEstudadas,Max.java.lang.Integer,Max]; arguments [org.springframework.context.support.DefaultMessageSourceResolvable: codes [registroEstudo.horasEstudadas,horasEstudadas]; arguments []; default message [horasEstudadas],24]; default message [O valor máximo para as horas é 24.]]

>>> TESTE 1 SUCESSO: Mensagem no terminal informando que não é possível cadastrar 25h horas diárias. <<<

]]></system-out>
  </testcase>
  <testcase name="deveFalharCom0Horas" classname="web.planorama.demo.controller.RegistrarEstudoControllerTest" time="0.006">
    <system-out><![CDATA[2026-01-17T22:39:16.028-03:00  INFO 3847 --- [planoramaweb] [           main] w.p.d.c.RegistrarEstudoController        : Request: RegistrarEstudoDTO(id=null, assuntoId=040b6144-674e-4414-bbb0-e807c5094b86, horasEstudadas=0, minutosEstudados=0, planejamentoId=null, idMateriaPlanejamento=null) true
2026-01-17T22:39:16.028-03:00 ERROR 3847 --- [planoramaweb] [           main] w.p.d.c.RegistrarEstudoController        : Erros encontrados: [Field error in object 'registroEstudo' on field 'idMateriaPlanejamento': rejected value [null]; codes [NotNull.registroEstudo.idMateriaPlanejamento,NotNull.idMateriaPlanejamento,NotNull.java.util.UUID,NotNull]; arguments [org.springframework.context.support.DefaultMessageSourceResolvable: codes [registroEstudo.idMateriaPlanejamento,idMateriaPlanejamento]; arguments []; default message [idMateriaPlanejamento]]; default message [must not be null], Field error in object 'registroEstudo' on field 'tempoValido': rejected value [false]; codes [AssertTrue.registroEstudo.tempoValido,AssertTrue.tempoValido,AssertTrue.boolean,AssertTrue]; arguments [org.springframework.context.support.DefaultMessageSourceResolvable: codes [registroEstudo.tempoValido,tempoValido]; arguments []; default message [tempoValido]]; default message [Você precisa registrar, pelo menos, 1min de estudo.], Field error in object 'registroEstudo' on field 'planejamentoId': rejected value [null]; codes [NotNull.registroEstudo.planejamentoId,NotNull.planejamentoId,NotNull.java.util.UUID,NotNull]; arguments [org.springframework.context.support.DefaultMessageSourceResolvable: codes [registroEstudo.planejamentoId,planejamentoId]; arguments []; default message [planejamentoId]]; default message [must not be null]]

>>> TESTE 2 SUCESSO: Mensagem no terminal informando que é necessário cadastrar pelo menos 1h (ou 1min) de estudo. <<<

]]></system-out>
  </testcase>
  <testcase name="deveFalharCom0MinSemHoras" classname="web.planorama.demo.controller.RegistrarEstudoControllerTest" time="0.007">
    <system-out><![CDATA[2026-01-17T22:39:16.038-03:00  INFO 3847 --- [planoramaweb] [           main] w.p.d.c.RegistrarEstudoController        : Request: RegistrarEstudoDTO(id=null, assuntoId=d6956828-49c8-45d6-b143-8f700d9e3e94, horasEstudadas=0, minutosEstudados=0, planejamentoId=null, idMateriaPlanejamento=null) true
2026-01-17T22:39:16.038-03:00 ERROR 3847 --- [planoramaweb] [           main] w.p.d.c.RegistrarEstudoController        : Erros encontrados: [Field error in object 'registroEstudo' on field 'tempoValido': rejected value [false]; codes [AssertTrue.registroEstudo.tempoValido,AssertTrue.tempoValido,AssertTrue.boolean,AssertTrue]; arguments [org.springframework.context.support.DefaultMessageSourceResolvable: codes [registroEstudo.tempoValido,tempoValido]; arguments []; default message [tempoValido]]; default message [Você precisa registrar, pelo menos, 1min de estudo.], Field error in object 'registroEstudo' on field 'planejamentoId': rejected value [null]; codes [NotNull.registroEstudo.planejamentoId,NotNull.planejamentoId,NotNull.java.util.UUID,NotNull]; arguments [org.springframework.context.support.DefaultMessageSourceResolvable: codes [registroEstudo.planejamentoId,planejamentoId]; arguments []; default message [planejamentoId]]; default message [must not be null], Field error in object 'registroEstudo' on field 'idMateriaPlanejamento': rejected value [null]; codes [NotNull.registroEstudo.idMateriaPlanejamento,NotNull.idMateriaPlanejamento,NotNull.java.util.UUID,NotNull]; arguments [org.springframework.context.support.DefaultMessageSourceResolvable: codes [registroEstudo.idMateriaPlanejamento,idMateriaPlanejamento]; arguments []; default message [idMateriaPlanejamento]]; default message [must not be null]]

>>> TESTE 3 SUCESSO: Mensagem no terminal informando que deverá ser cadastrado pelo menos 1min de estudo. <<<

]]></system-out>
  </testcase>
  <testcase name="deveFalharSemAssunto" classname="web.planorama.demo.controller.RegistrarEstudoControllerTest" time="0.006">
    <system-out><![CDATA[2026-01-17T22:39:16.046-03:00  INFO 3847 --- [planoramaweb] [           main] w.p.d.c.RegistrarEstudoController        : Request: RegistrarEstudoDTO(id=null, assuntoId=null, horasEstudadas=1, minutosEstudados=0, planejamentoId=null, idMateriaPlanejamento=null) true
2026-01-17T22:39:16.046-03:00 ERROR 3847 --- [planoramaweb] [           main] w.p.d.c.RegistrarEstudoController        : Erros encontrados: [Field error in object 'registroEstudo' on field 'idMateriaPlanejamento': rejected value [null]; codes [NotNull.registroEstudo.idMateriaPlanejamento,NotNull.idMateriaPlanejamento,NotNull.java.util.UUID,NotNull]; arguments [org.springframework.context.support.DefaultMessageSourceResolvable: codes [registroEstudo.idMateriaPlanejamento,idMateriaPlanejamento]; arguments []; default message [idMateriaPlanejamento]]; default message [must not be null], Field error in object 'registroEstudo' on field 'assuntoId': rejected value [null]; codes [NotNull.registroEstudo.assuntoId,NotNull.assuntoId,NotNull.java.util.UUID,NotNull]; arguments [org.springframework.context.support.DefaultMessageSourceResolvable: codes [registroEstudo.assuntoId,assuntoId]; arguments []; default message [assuntoId]]; default message [O assunto não pode ser nulo, selecione, pelo menos um.], Field error in object 'registroEstudo' on field 'planejamentoId': rejected value [null]; codes [NotNull.registroEstudo.planejamentoId,NotNull.planejamentoId,NotNull.java.util.UUID,NotNull]; arguments [org.springframework.context.support.DefaultMessageSourceResolvable: codes [registroEstudo.planejamentoId,planejamentoId]; arguments []; default message [planejamentoId]]; default message [must not be null]]

>>> TESTE 4 SUCESSO: Mensagem no terminal informando que deverá selecionar pelo menos um assunto. <<<

]]></system-out>
  </testcase>
  <testcase name="deveFalharSemHorasComMinutos" classname="web.planorama.demo.controller.RegistrarEstudoControllerTest" time="0.006">
    <system-out><![CDATA[2026-01-17T22:39:16.054-03:00  INFO 3847 --- [planoramaweb] [           main] w.p.d.c.RegistrarEstudoController        : Request: RegistrarEstudoDTO(id=null, assuntoId=21f4f27f-9b10-4e46-889d-4d46a9d00da5, horasEstudadas=null, minutosEstudados=30, planejamentoId=null, idMateriaPlanejamento=null) true
2026-01-17T22:39:16.054-03:00 ERROR 3847 --- [planoramaweb] [           main] w.p.d.c.RegistrarEstudoController        : Erros encontrados: [Field error in object 'registroEstudo' on field 'planejamentoId': rejected value [null]; codes [NotNull.registroEstudo.planejamentoId,NotNull.planejamentoId,NotNull.java.util.UUID,NotNull]; arguments [org.springframework.context.support.DefaultMessageSourceResolvable: codes [registroEstudo.planejamentoId,planejamentoId]; arguments []; default message [planejamentoId]]; default message [must not be null], Field error in object 'registroEstudo' on field 'horasEstudadas': rejected value [null]; codes [NotNull.registroEstudo.horasEstudadas,NotNull.horasEstudadas,NotNull.java.lang.Integer,NotNull]; arguments [org.springframework.context.support.DefaultMessageSourceResolvable: codes [registroEstudo.horasEstudadas,horasEstudadas]; arguments []; default message [horasEstudadas]]; default message [O campo das horas não pode ser nulo.], Field error in object 'registroEstudo' on field 'idMateriaPlanejamento': rejected value [null]; codes [NotNull.registroEstudo.idMateriaPlanejamento,NotNull.idMateriaPlanejamento,NotNull.java.util.UUID,NotNull]; arguments [org.springframework.context.support.DefaultMessageSourceResolvable: codes [registroEstudo.idMateriaPlanejamento,idMateriaPlanejamento]; arguments []; default message [idMateriaPlanejamento]]; default message [must not be null]]

>>> TESTE 5 SUCESSO: Mensagem no terminal informando que precisa cadastrar pelo menos 1min de estudo (Horas obrigatórias). <<<

]]></system-out>
  </testcase>
  <testcase name="deveSucessoHorasSemMinutos" classname="web.planorama.demo.controller.RegistrarEstudoControllerTest" time="0.007">
    <system-out><![CDATA[2026-01-17T22:39:16.062-03:00  INFO 3847 --- [planoramaweb] [           main] w.p.d.c.RegistrarEstudoController        : Request: RegistrarEstudoDTO(id=null, assuntoId=cbc3523a-8256-4c61-8ff1-cc4e0bf91b45, horasEstudadas=2, minutosEstudados=0, planejamentoId=bc07b4ee-2a2e-496b-862d-6b43f1358c68, idMateriaPlanejamento=7fcc376d-701e-46b5-8a59-4b96a339086d) false

>>> TESTE 6 SUCESSO: Mensagem no terminal dizendo que o estudo foi Registrado (Apenas Horas). <<<

]]></system-out>
  </testcase>
  <testcase name="deveSucessoHorasEMinutos" classname="web.planorama.demo.controller.RegistrarEstudoControllerTest" time="0.006">
    <system-out><![CDATA[2026-01-17T22:39:16.071-03:00  INFO 3847 --- [planoramaweb] [           main] w.p.d.c.RegistrarEstudoController        : Request: RegistrarEstudoDTO(id=null, assuntoId=282676b7-ee3a-48d7-a75f-cdd5d7d16996, horasEstudadas=1, minutosEstudados=30, planejamentoId=53dc2e89-ab8d-4c9a-bbc1-09ff6eec9f0c, idMateriaPlanejamento=322a6c71-ec58-4fe1-9ff6-b6bccc39627a) false

>>> TESTE 7 SUCESSO: Mensagem no terminal dizendo que o estudo foi Registrado. <<<

]]></system-out>
  </testcase>
  <testcase name="deveFalharSemNada" classname="web.planorama.demo.controller.RegistrarEstudoControllerTest" time="0.01">
    <system-out><![CDATA[2026-01-17T22:39:16.081-03:00  INFO 3847 --- [planoramaweb] [           main] w.p.d.c.RegistrarEstudoController        : Request: RegistrarEstudoDTO(id=null, assuntoId=bbc6d48b-5be4-4339-bc6c-01fa76be1faa, horasEstudadas=null, minutosEstudados=null, planejamentoId=null, idMateriaPlanejamento=null) true
2026-01-17T22:39:16.081-03:00 ERROR 3847 --- [planoramaweb] [           main] w.p.d.c.RegistrarEstudoController        : Erros encontrados: [Field error in object 'registroEstudo' on field 'minutosEstudados': rejected value [null]; codes [NotNull.registroEstudo.minutosEstudados,NotNull.minutosEstudados,NotNull.java.lang.Integer,NotNull]; arguments [org.springframework.context.support.DefaultMessageSourceResolvable: codes [registroEstudo.minutosEstudados,minutosEstudados]; arguments []; default message [minutosEstudados]]; default message [O campo dos minutos não pode ser nulo.], Field error in object 'registroEstudo' on field 'planejamentoId': rejected value [null]; codes [NotNull.registroEstudo.planejamentoId,NotNull.planejamentoId,NotNull.java.util.UUID,NotNull]; arguments [org.springframework.context.support.DefaultMessageSourceResolvable: codes [registroEstudo.planejamentoId,planejamentoId]; arguments []; default message [planejamentoId]]; default message [must not be null], Field error in object 'registroEstudo' on field 'horasEstudadas': rejected value [null]; codes [NotNull.registroEstudo.horasEstudadas,NotNull.horasEstudadas,NotNull.java.lang.Integer,NotNull]; arguments [org.springframework.context.support.DefaultMessageSourceResolvable: codes [registroEstudo.horasEstudadas,horasEstudadas]; arguments []; default message [horasEstudadas]]; default message [O campo das horas não pode ser nulo.], Field error in object 'registroEstudo' on field 'idMateriaPlanejamento': rejected value [null]; codes [NotNull.registroEstudo.idMateriaPlanejamento,NotNull.idMateriaPlanejamento,NotNull.java.util.UUID,NotNull]; arguments [org.springframework.context.support.DefaultMessageSourceResolvable: codes [registroEstudo.idMateriaPlanejamento,idMateriaPlanejamento]; arguments []; default message [idMateriaPlanejamento]]; default message [must not be null]]

>>> TESTE 8 SUCESSO: Mensagem no terminal dizendo que é necessário, pelo menos, 1min de estudo. <<<

]]></system-out>
  </testcase>
</testsuite>