<?xml version="1.0" encoding="UTF-8"?>
<testsuite xmlns:xsi="http://www.w3.org/2001/XMLSchema-instance" xsi:noNamespaceSchemaLocation="https://maven.apache.org/surefire/maven-surefire-plugin/xsd/surefire-test-report.xsd" version="3.0.2" name="web.planorama.demo.controller.RegistrarEstudoCT004Test" time="0.886" tests="8" errors="0" skipped="0" failures="0">
  <properties>
[...]
</properties>
  <testcase name="deveFalharCom25Horas" classname="web.planorama.demo.controller.RegistrarEstudoCT004Test" time="0.046">
    <system-out><![CDATA[2026-01-17T22:39:15.106-03:00  INFO 3847 --- [planoramaweb] [           main] t.c.s.AnnotationConfigContextLoaderUtils : Could not detect default configuration classes for test class [web.planorama.demo.controller.RegistrarEstudoCT004Test]: RegistrarEstudoCT004Test does not declare any static, non-private, non-final, nested classes annotated with @Configuration.
2026-01-17T22:39:15.119-03:00  INFO 3847 --- [planoramaweb] [           main] .b.t.c.SpringBootTestContextBootstrapper : Found @SpringBootConfiguration web.planorama.demo.DemoApplication for test class web.planorama.demo.controller.RegistrarEstudoCT004Test
2026-01-17T22:39:15.121-03:00  INFO 3847 --- [planoramaweb] [           main] o.s.b.d.r.RestartApplicationListener     : Restart disabled due to context in which it is running

  .   ____          _            __ _ _
 /\\ / ___'_ __ _ _(_)_ __  __ _ \ \ \ \
( ( )\___ | '_ | '_| | '_ \/ _` | \ \ \ \
 \\/  ___)| |_)| | | | | || (_| |  ) ) ) )
  '  |____| .__|_| |_|_| |_\__, | / / / /
 =========|_|==============|___/=/_/_/_/

 :: Spring Boot ::                (v3.5.4)

2026-01-17T22:39:15.131-03:00  INFO 3847 --- [planoramaweb] [           main] w.p.d.c.RegistrarEstudoCT004Test         : Starting RegistrarEstudoCT004Test using Java 21.0.9 with PID 3847 (started by programador-rocha in /Users/programador-rocha/Documents/PlanoramaWeb/demo)
2026-01-17T22:39:15.131-03:00  INFO 3847 --- [planoramaweb] [           main] w.p.d.c.RegistrarEstudoCT004Test         : No active profile set, falling back to 1 default profile: "default"
2026-01-17T22:39:15.778-03:00  INFO 3847 --- [planoramaweb] [           main] o.s.b.a.w.s.WelcomePageHandlerMapping    : Adding welcome page template: index
2026-01-17T22:39:15.847-03:00  INFO 3847 --- [planoramaweb] [           main] r$InitializeUserDetailsManagerConfigurer : Global AuthenticationManager configured with UserDetailsService bean with name inMemoryUserDetailsManager
2026-01-17T22:39:15.864-03:00  INFO 3847 --- [planoramaweb] [           main] o.s.b.t.m.w.SpringBootMockServletContext : Initializing Spring TestDispatcherServlet ''
2026-01-17T22:39:15.864-03:00  INFO 3847 --- [planoramaweb] [           main] o.s.t.web.servlet.TestDispatcherServlet  : Initializing Servlet ''
2026-01-17T22:39:15.864-03:00  INFO 3847 --- [planoramaweb] [           main] o.s.t.web.servlet.TestDispatcherServlet  : Completed initialization in 0 ms
2026-01-17T22:39:15.875-03:00  INFO 3847 --- [planoramaweb] [           main] w.p.d.c.RegistrarEstudoCT004Test         : Started RegistrarEstudoCT004Test in 0.754 seconds (process running for 5.593)
2026-01-17T22:39:15.920-03:00  INFO 3847 --- [planoramaweb] [           main] w.p.d.c.RegistrarEstudoController        : Request: RegistrarEstudoDTO(id=null, assuntoId=9679cbec-aa4c-43ac-8bcc-458c0533f5ff, horasEstudadas=25, minutosEstudados=0, planejamentoId=7f0e345a-9a70-4817-b173-98b139910715, idMateriaPlanejamento=f49937c7-7732-404e-8861-a58b92cbf581) true
2026-01-17T22:39:15.921-03:00 ERROR 3847 --- [planoramaweb] [           main] w.p.d.c.RegistrarEstudoController        : Erros encontrados: [Field error in object 'registroEstudo' on field 'horasEstudadas': rejected value [25]; codes [Max.registroEstudo.horasEstudadas,Max.horasEstudadas,Max.java.lang.Integer,Max]; arguments [org.springframework.context.support.DefaultMessageSourceResolvable: codes [registroEstudo.horasEstudadas,horasEstudadas]; arguments []; default message [horasEstudadas],24]; default message [O valor máximo para as horas é 24.]]

>>> TESTE 1 SUCESSO: Mensagem no terminal informando que não é possível cadastrar 25h horas diárias. <<<

]]></system-out>
  </testcase>
  <testcase name="deveFalharCom0Horas" classname="web.planorama.demo.controller.RegistrarEstudoCT004Test" time="0.012">
    <system-out><![CDATA[2026-01-17T22:39:15.937-03:00  INFO 3847 --- [planoramaweb] [           main] w.p.d.c.RegistrarEstudoController        : Request: RegistrarEstudoDTO(id=null, assuntoId=466931cc-9d8f-4c28-80b9-df975e50a795, horasEstudadas=0, minutosEstudados=0, planejamentoId=null, idMateriaPlanejamento=null) true
2026-01-17T22:39:15.937-03:00 ERROR 3847 --- [planoramaweb] [           main] w.p.d.c.RegistrarEstudoController        : Erros encontrados: [Field error in object 'registroEstudo' on field 'planejamentoId': rejected value [null]; codes [NotNull.registroEstudo.planejamentoId,NotNull.planejamentoId,NotNull.java.util.UUID,NotNull]; arguments [org.springframework.context.support.DefaultMessageSourceResolvable: codes [registroEstudo.planejamentoId,planejamentoId]; arguments []; default message [planejamentoId]]; default message [must not be null], Field error in object 'registroEstudo' on field 'tempoValido': rejected value [false]; codes [AssertTrue.registroEstudo.tempoValido,AssertTrue.tempoValido,AssertTrue.boolean,AssertTrue]; arguments [org.springframework.context.support.DefaultMessageSourceResolvable: codes [registroEstudo.tempoValido,tempoValido]; arguments []; default message [tempoValido]]; default message [Você precisa registrar, pelo menos, 1min de estudo.], Field error in object 'registroEstudo' on field 'idMateriaPlanejamento': rejected value [null]; codes [NotNull.registroEstudo.idMateriaPlanejamento,NotNull.idMateriaPlanejamento,NotNull.java.util.UUID,NotNull]; arguments [org.springframework.context.support.DefaultMessageSourceResolvable: codes [registroEstudo.idMateriaPlanejamento,idMateriaPlanejamento]; arguments []; default message [idMateriaPlanejamento]]; default message [must not be null]]

>>> TESTE 2 SUCESSO: Mensagem no terminal informando que é necessário cadastrar pelo menos 1h (ou 1min) de estudo. <<<

]]></system-out>
  </testcase>
  <testcase name="deveFalharCom0MinSemHoras" classname="web.planorama.demo.controller.RegistrarEstudoCT004Test" time="0.005">
    <system-out><![CDATA[2026-01-17T22:39:15.944-03:00  INFO 3847 --- [planoramaweb] [           main] w.p.d.c.RegistrarEstudoController        : Request: RegistrarEstudoDTO(id=null, assuntoId=1e3e5cba-5b64-4bd4-9ecb-eb0d3dba9c51, horasEstudadas=0, minutosEstudados=0, planejamentoId=null, idMateriaPlanejamento=null) true
2026-01-17T22:39:15.945-03:00 ERROR 3847 --- [planoramaweb] [           main] w.p.d.c.RegistrarEstudoController        : Erros encontrados: [Field error in object 'registroEstudo' on field 'planejamentoId': rejected value [null]; codes [NotNull.registroEstudo.planejamentoId,NotNull.planejamentoId,NotNull.java.util.UUID,NotNull]; arguments [org.springframework.context.support.DefaultMessageSourceResolvable: codes [registroEstudo.planejamentoId,planejamentoId]; arguments []; default message [planejamentoId]]; default message [must not be null], Field error in object 'registroEstudo' on field 'tempoValido': rejected value [false]; codes [AssertTrue.registroEstudo.tempoValido,AssertTrue.tempoValido,AssertTrue.boolean,AssertTrue]; arguments [org.springframework.context.support.DefaultMessageSourceResolvable: codes [registroEstudo.tempoValido,tempoValido]; arguments []; default message [tempoValido]]; default message [Você precisa registrar, pelo menos, 1min de estudo.], Field error in object 'registroEstudo' on field 'idMateriaPlanejamento': rejected value [null]; codes [NotNull.registroEstudo.idMateriaPlanejamento,NotNull.idMateriaPlanejamento,NotNull.java.util.UUID,NotNull]; arguments [org.springframework.context.support.DefaultMessageSourceResolvable: codes [registroEstudo.idMateriaPlanejamento,idMateriaPlanejamento]; arguments []; default message [idMateriaPlanejamento]]; default message [must not be null]]

>>> TESTE 3 SUCESSO: Mensagem no terminal informando que deverá ser cadastrado pelo menos 1min de estudo. <<<

]]></system-out>
  </testcase>
  <testcase name="deveFalharSemAssunto" classname="web.planorama.demo.controller.RegistrarEstudoCT004Test" time="0.005">
    <system-out><![CDATA[2026-01-17T22:39:15.951-03:00  INFO 3847 --- [planoramaweb] [           main] w.p.d.c.RegistrarEstudoController        : Request: RegistrarEstudoDTO(id=null, assuntoId=null, horasEstudadas=1, minutosEstudados=0, planejamentoId=null, idMateriaPlanejamento=null) true
2026-01-17T22:39:15.951-03:00 ERROR 3847 --- [planoramaweb] [           main] w.p.d.c.RegistrarEstudoController        : Erros encontrados: [Field error in object 'registroEstudo' on field 'assuntoId': rejected value [null]; codes [NotNull.registroEstudo.assuntoId,NotNull.assuntoId,NotNull.java.util.UUID,NotNull]; arguments [org.springframework.context.support.DefaultMessageSourceResolvable: codes [registroEstudo.assuntoId,assuntoId]; arguments []; default message [assuntoId]]; default message [O assunto não pode ser nulo, selecione, pelo menos um.], Field error in object 'registroEstudo' on field 'planejamentoId': rejected value [null]; codes [NotNull.registroEstudo.planejamentoId,NotNull.planejamentoId,NotNull.java.util.UUID,NotNull]; arguments [org.springframework.context.support.DefaultMessageSourceResolvable: codes [registroEstudo.planejamentoId,planejamentoId]; arguments []; default message [planejamentoId]]; default message [must not be null], Field error in object 'registroEstudo' on field 'idMateriaPlanejamento': rejected value [null]; codes [NotNull.registroEstudo.idMateriaPlanejamento,NotNull.idMateriaPlanejamento,NotNull.java.util.UUID,NotNull]; arguments [org.springframework.context.support.DefaultMessageSourceResolvable: codes [registroEstudo.idMateriaPlanejamento,idMateriaPlanejamento]; arguments []; default message [idMateriaPlanejamento]]; default message [must not be null]]

>>> TESTE 4 SUCESSO: Mensagem no terminal informando que deverá selecionar pelo menos um assunto. <<<

]]></system-out>
  </testcase>
  <testcase name="deveFalharSemHorasComMinutos" classname="web.planorama.demo.controller.RegistrarEstudoCT004Test" time="0.005">
    <system-out><![CDATA[2026-01-17T22:39:15.957-03:00  INFO 3847 --- [planoramaweb] [           main] w.p.d.c.RegistrarEstudoController        : Request: RegistrarEstudoDTO(id=null, assuntoId=0b9ad297-82c8-477d-965b-72b302536242, horasEstudadas=null, minutosEstudados=30, planejamentoId=null, idMateriaPlanejamento=null) true
2026-01-17T22:39:15.957-03:00 ERROR 3847 --- [planoramaweb] [           main] w.p.d.c.RegistrarEstudoController        : Erros encontrados: [Field error in object 'registroEstudo' on field 'horasEstudadas': rejected value [null]; codes [NotNull.registroEstudo.horasEstudadas,NotNull.horasEstudadas,NotNull.java.lang.Integer,NotNull]; arguments [org.springframework.context.support.DefaultMessageSourceResolvable: codes [registroEstudo.horasEstudadas,horasEstudadas]; arguments []; default message [horasEstudadas]]; default message [O campo das horas não pode ser nulo.], Field error in object 'registroEstudo' on field 'idMateriaPlanejamento': rejected value [null]; codes [NotNull.registroEstudo.idMateriaPlanejamento,NotNull.idMateriaPlanejamento,NotNull.java.util.UUID,NotNull]; arguments [org.springframework.context.support.DefaultMessageSourceResolvable: codes [registroEstudo.idMateriaPlanejamento,idMateriaPlanejamento]; arguments []; default message [idMateriaPlanejamento]]; default message [must not be null], Field error in object 'registroEstudo' on field 'planejamentoId': rejected value [null]; codes [NotNull.registroEstudo.planejamentoId,NotNull.planejamentoId,NotNull.java.util.UUID,NotNull]; arguments [org.springframework.context.support.DefaultMessageSourceResolvable: codes [registroEstudo.planejamentoId,planejamentoId]; arguments []; default message [planejamentoId]]; default message [must not be null]]

>>> TESTE 5 SUCESSO: Mensagem no terminal informando que precisa cadastrar pelo menos 1min de estudo. <<<

]]></system-out>
  </testcase>
  <testcase name="deveSucessoHorasSemMinutos" classname="web.planorama.demo.controller.RegistrarEstudoCT004Test" time="0.016">
    <system-out><![CDATA[2026-01-17T22:39:15.972-03:00  INFO 3847 --- [planoramaweb] [           main] w.p.d.c.RegistrarEstudoController        : Request: RegistrarEstudoDTO(id=null, assuntoId=1403a80d-9e01-4943-9e81-4accdbd59716, horasEstudadas=2, minutosEstudados=0, planejamentoId=ecc6f710-9c2f-4cf6-a6c1-f3268255d7c7, idMateriaPlanejamento=61267f4a-6257-41f2-a132-e9fb21aca1ae) false

>>> TESTE 6 SUCESSO: Mensagem no terminal dizendo que o estudo foi Registrado (Apenas Horas). <<<

]]></system-out>
  </testcase>
  <testcase name="deveSucessoHorasEMinutos" classname="web.planorama.demo.controller.RegistrarEstudoCT004Test" time="0.005">
    <system-out><![CDATA[2026-01-17T22:39:15.981-03:00  INFO 3847 --- [planoramaweb] [           main] w.p.d.c.RegistrarEstudoController        : Request: RegistrarEstudoDTO(id=null, assuntoId=83cb2bf6-5a53-455c-8bc7-679b17962d32, horasEstudadas=1, minutosEstudados=30, planejamentoId=1ff3a0e6-1bf3-4497-a81c-5e2a16ec4d71, idMateriaPlanejamento=adc28ccd-6823-431a-b4f5-4cebae8bfa2c) false

>>> TESTE 7 SUCESSO: Mensagem no terminal dizendo que o estudo foi Registrado. <<<

]]></system-out>
  </testcase>
  <testcase name="deveFalharSemNada" classname="web.planorama.demo.controller.RegistrarEstudoCT004Test" time="0.005">
    <system-out><![CDATA[2026-01-17T22:39:15.988-03:00  INFO 3847 --- [planoramaweb] [           main] w.p.d.c.RegistrarEstudoController        : Request: RegistrarEstudoDTO(id=null, assuntoId=null, horasEstudadas=null, minutosEstudados=null, planejamentoId=null, idMateriaPlanejamento=null) true
2026-01-17T22:39:15.988-03:00 ERROR 3847 --- [planoramaweb] [           main] w.p.d.c.RegistrarEstudoController        : Erros encontrados: [Field error in object 'registroEstudo' on field 'idMateriaPlanejamento': rejected value [null]; codes [NotNull.registroEstudo.idMateriaPlanejamento,NotNull.idMateriaPlanejamento,NotNull.java.util.UUID,NotNull]; arguments [org.springframework.context.support.DefaultMessageSourceResolvable: codes [registroEstudo.idMateriaPlanejamento,idMateriaPlanejamento]; arguments []; default message [idMateriaPlanejamento]]; default message [must not be null], Field error in object 'registroEstudo' on field 'minutosEstudados': rejected value [null]; codes [NotNull.registroEstudo.minutosEstudados,NotNull.minutosEstudados,NotNull.java.lang.Integer,NotNull]; arguments [org.springframework.context.support.DefaultMessageSourceResolvable: codes [registroEstudo.minutosEstudados,minutosEstudados]; arguments []; default message [minutosEstudados]]; default message [O campo dos minutos não pode ser nulo.], Field error in object 'registroEstudo' on field 'horasEstudadas': rejected value [null]; codes [NotNull.registroEstudo.horasEstudadas,NotNull.horasEstudadas,NotNull.java.lang.Integer,NotNull]; arguments [org.springframework.context.support.DefaultMessageSourceResolvable: codes [registroEstudo.horasEstudadas,horasEstudadas]; arguments []; default message [horasEstudadas]]; default message [O campo das horas não pode ser nulo.], Field error in object 'registroEstudo' on field 'planejamentoId': rejected value [null]; codes [NotNull.registroEstudo.planejamentoId,NotNull.planejamentoId,NotNull.java.util.UUID,NotNull]; arguments [org.springframework.context.support.DefaultMessageSourceResolvable: codes [registroEstudo.planejamentoId,planejamentoId]; arguments []; default message [planejamentoId]]; default message [must not be null], Field error in object 'registroEstudo' on field 'assuntoId': rejected value [null]; codes [NotNull.registroEstudo.assuntoId,NotNull.assuntoId,NotNull.java.util.UUID,NotNull]; arguments [org.springframework.context.support.DefaultMessageSourceResolvable: codes [registroEstudo.assuntoId,assuntoId]; arguments []; default message [assuntoId]]; default message [O assunto não pode ser nulo, selecione, pelo menos um.]]

>>> TESTE 8 SUCESSO: Mensagem no terminal dizendo que é necessário, pelo menos, 1min de estudo. <<<

]]></system-out>
  </testcase>
</testsuite>